This is pdfTeX, Version 3.14159265-2.6-1.40.15 (MiKTeX 2.9 64-bit) (preloaded format=pdflatex 2015.8.11)  9 NOV 2015 15:32
entering extended mode
**paper_v2.tex
(paper_v2.tex
LaTeX2e <2014/05/01>
Babel <3.9l> and hyphenation patterns for 68 languages loaded.
(IEEEtran.cls
Document Class: IEEEtran 2012/11/21 V1.8c by Harald Hanche-Olsen and Anders Chr
istensen
-- Based on V1.7a by Michael Shell
-- See the "IEEEtran_HOWTO" manual for usage information.
-- http://www.michaelshell.org/tex/ieeetran/
\@IEEEtrantmpdimenA=\dimen102
\@IEEEtrantmpdimenB=\dimen103
\@IEEEtrantmpcountA=\count79
\@IEEEtrantmpcountB=\count80
\@IEEEtrantmptoksA=\toks14
LaTeX Font Info:    Try loading font information for OT1+ptm on input line 373.

("C:\Program Files\MiKTeX 2.9\tex\latex\psnfss\ot1ptm.fd"
File: ot1ptm.fd 2001/06/04 font definitions for OT1/ptm.
)
-- Using 8.5in x 11in (letter) paper.
-- Using PDF output.
\@IEEEnormalsizeunitybaselineskip=\dimen104
-- This is a 10 point document.
\CLASSINFOnormalsizebaselineskip=\dimen105
\CLASSINFOnormalsizeunitybaselineskip=\dimen106
\IEEEnormaljot=\dimen107
LaTeX Font Info:    Font shape `OT1/ptm/bx/n' in size <5> not available
(Font)              Font shape `OT1/ptm/b/n' tried instead on input line 731.
LaTeX Font Info:    Font shape `OT1/ptm/bx/it' in size <5> not available
(Font)              Font shape `OT1/ptm/b/it' tried instead on input line 731.
LaTeX Font Info:    Font shape `OT1/ptm/bx/n' in size <7> not available
(Font)              Font shape `OT1/ptm/b/n' tried instead on input line 731.
LaTeX Font Info:    Font shape `OT1/ptm/bx/it' in size <7> not available
(Font)              Font shape `OT1/ptm/b/it' tried instead on input line 731.
LaTeX Font Info:    Font shape `OT1/ptm/bx/n' in size <8> not available
(Font)              Font shape `OT1/ptm/b/n' tried instead on input line 731.
LaTeX Font Info:    Font shape `OT1/ptm/bx/it' in size <8> not available
(Font)              Font shape `OT1/ptm/b/it' tried instead on input line 731.
LaTeX Font Info:    Font shape `OT1/ptm/bx/n' in size <9> not available
(Font)              Font shape `OT1/ptm/b/n' tried instead on input line 731.
LaTeX Font Info:    Font shape `OT1/ptm/bx/it' in size <9> not available
(Font)              Font shape `OT1/ptm/b/it' tried instead on input line 731.
LaTeX Font Info:    Font shape `OT1/ptm/bx/n' in size <10> not available
(Font)              Font shape `OT1/ptm/b/n' tried instead on input line 731.
LaTeX Font Info:    Font shape `OT1/ptm/bx/it' in size <10> not available
(Font)              Font shape `OT1/ptm/b/it' tried instead on input line 731.
LaTeX Font Info:    Font shape `OT1/ptm/bx/n' in size <11> not available
(Font)              Font shape `OT1/ptm/b/n' tried instead on input line 731.
LaTeX Font Info:    Font shape `OT1/ptm/bx/it' in size <11> not available
(Font)              Font shape `OT1/ptm/b/it' tried instead on input line 731.
LaTeX Font Info:    Font shape `OT1/ptm/bx/n' in size <12> not available
(Font)              Font shape `OT1/ptm/b/n' tried instead on input line 731.
LaTeX Font Info:    Font shape `OT1/ptm/bx/it' in size <12> not available
(Font)              Font shape `OT1/ptm/b/it' tried instead on input line 731.
LaTeX Font Info:    Font shape `OT1/ptm/bx/n' in size <17> not available
(Font)              Font shape `OT1/ptm/b/n' tried instead on input line 731.
LaTeX Font Info:    Font shape `OT1/ptm/bx/it' in size <17> not available
(Font)              Font shape `OT1/ptm/b/it' tried instead on input line 731.
LaTeX Font Info:    Font shape `OT1/ptm/bx/n' in size <20> not available
(Font)              Font shape `OT1/ptm/b/n' tried instead on input line 731.
LaTeX Font Info:    Font shape `OT1/ptm/bx/it' in size <20> not available
(Font)              Font shape `OT1/ptm/b/it' tried instead on input line 731.
LaTeX Font Info:    Font shape `OT1/ptm/bx/n' in size <24> not available
(Font)              Font shape `OT1/ptm/b/n' tried instead on input line 731.
LaTeX Font Info:    Font shape `OT1/ptm/bx/it' in size <24> not available
(Font)              Font shape `OT1/ptm/b/it' tried instead on input line 731.
\IEEEilabelindentA=\dimen108
\IEEEilabelindentB=\dimen109
\IEEEilabelindent=\dimen110
\IEEEelabelindent=\dimen111
\IEEEdlabelindent=\dimen112
\IEEElabelindent=\dimen113
\IEEEiednormlabelsep=\dimen114
\IEEEiedmathlabelsep=\dimen115
\IEEEiedtopsep=\skip41
\c@section=\count81
\c@subsection=\count82
\c@subsubsection=\count83
\c@paragraph=\count84
\c@IEEEsubequation=\count85
\abovecaptionskip=\skip42
\belowcaptionskip=\skip43
\c@figure=\count86
\c@table=\count87
\@IEEEeqnnumcols=\count88
\@IEEEeqncolcnt=\count89
\@IEEEtmpitemindent=\dimen116
\c@IEEEbiography=\count90
\@IEEEtranrubishbin=\box26
) ("C:\Program Files\MiKTeX 2.9\tex\latex\graphics\graphics.sty"
Package: graphics 2014/10/28 v1.0p Standard LaTeX Graphics (DPC,SPQR)

("C:\Program Files\MiKTeX 2.9\tex\latex\graphics\trig.sty"
Package: trig 1999/03/16 v1.09 sin cos tan (DPC)
)
("C:\Program Files\MiKTeX 2.9\tex\latex\00miktex\graphics.cfg"
File: graphics.cfg 2007/01/18 v1.5 graphics configuration of teTeX/TeXLive
)
Package graphics Info: Driver file: pdftex.def on input line 91.

("C:\Program Files\MiKTeX 2.9\tex\latex\pdftex-def\pdftex.def"
File: pdftex.def 2011/05/27 v0.06d Graphics/color for pdfTeX

("C:\Program Files\MiKTeX 2.9\tex\generic\oberdiek\infwarerr.sty"
Package: infwarerr 2010/04/08 v1.3 Providing info/warning/error messages (HO)
)
("C:\Program Files\MiKTeX 2.9\tex\generic\oberdiek\ltxcmds.sty"
Package: ltxcmds 2011/11/09 v1.22 LaTeX kernel commands for general use (HO)
)
\Gread@gobject=\count91
))
("C:\Program Files\MiKTeX 2.9\tex\latex\graphics\epsfig.sty"
Package: epsfig 1999/02/16 v1.7a (e)psfig emulation (SPQR)

("C:\Program Files\MiKTeX 2.9\tex\latex\graphics\graphicx.sty"
Package: graphicx 2014/10/28 v1.0g Enhanced LaTeX Graphics (DPC,SPQR)

("C:\Program Files\MiKTeX 2.9\tex\latex\graphics\keyval.sty"
Package: keyval 2014/10/28 v1.15 key=value parser (DPC)
\KV@toks@=\toks15
)
\Gin@req@height=\dimen117
\Gin@req@width=\dimen118
)
\epsfxsize=\dimen119
\epsfysize=\dimen120
)
("C:\Program Files\MiKTeX 2.9\tex\latex\oberdiek\epstopdf.sty"
Package: epstopdf 2010/02/09 v2.5 Conversion with epstopdf on the fly (HO)

("C:\Program Files\MiKTeX 2.9\tex\latex\oberdiek\epstopdf-base.sty"
Package: epstopdf-base 2010/02/09 v2.5 Base part for package epstopdf

("C:\Program Files\MiKTeX 2.9\tex\latex\oberdiek\grfext.sty"
Package: grfext 2010/08/19 v1.1 Manage graphics extensions (HO)

("C:\Program Files\MiKTeX 2.9\tex\generic\oberdiek\kvdefinekeys.sty"
Package: kvdefinekeys 2011/04/07 v1.3 Define keys (HO)
))
("C:\Program Files\MiKTeX 2.9\tex\latex\oberdiek\kvoptions.sty"
Package: kvoptions 2011/06/30 v3.11 Key value format for package options (HO)

("C:\Program Files\MiKTeX 2.9\tex\generic\oberdiek\kvsetkeys.sty"
Package: kvsetkeys 2012/04/25 v1.16 Key value parser (HO)

("C:\Program Files\MiKTeX 2.9\tex\generic\oberdiek\etexcmds.sty"
Package: etexcmds 2011/02/16 v1.5 Avoid name clashes with e-TeX commands (HO)

("C:\Program Files\MiKTeX 2.9\tex\generic\oberdiek\ifluatex.sty"
Package: ifluatex 2010/03/01 v1.3 Provides the ifluatex switch (HO)
Package ifluatex Info: LuaTeX not detected.
)
Package etexcmds Info: Could not find \expanded.
(etexcmds)             That can mean that you are not using pdfTeX 1.50 or
(etexcmds)             that some package has redefined \expanded.
(etexcmds)             In the latter case, load this package earlier.
)))
("C:\Program Files\MiKTeX 2.9\tex\generic\oberdiek\pdftexcmds.sty"
Package: pdftexcmds 2011/11/29 v0.20 Utility functions of pdfTeX for LuaTeX (HO
)

("C:\Program Files\MiKTeX 2.9\tex\generic\oberdiek\ifpdf.sty"
Package: ifpdf 2011/01/30 v2.3 Provides the ifpdf switch (HO)
Package ifpdf Info: pdfTeX in PDF mode is detected.
)
Package pdftexcmds Info: LuaTeX not detected.
Package pdftexcmds Info: \pdf@primitive is available.
Package pdftexcmds Info: \pdf@ifprimitive is available.
Package pdftexcmds Info: \pdfdraftmode found.
)
Package grfext Info: Graphics extension search list:
(grfext)             [.png,.pdf,.jpg,.mps,.jpeg,.jbig2,.jb2,.PNG,.PDF,.JPG,.JPE
G,.JBIG2,.JB2,.eps]
(grfext)             \AppendGraphicsExtensions on input line 452.
))
("C:\Program Files\MiKTeX 2.9\tex\latex\tools\theorem.sty"
Package: theorem 2014/10/28 v2.2c Theorem extension package (FMi)
\theorem@style=\toks16
\theorem@bodyfont=\toks17
\theorempreskipamount=\skip44
\theorempostskipamount=\skip45

("C:\Program Files\MiKTeX 2.9\tex\latex\tools\thp.sty"
File: thp.sty 2014/10/28 v2.2c Theorem extension package (FMi)
))
("C:\Program Files\MiKTeX 2.9\tex\latex\tools\verbatim.sty"
Package: verbatim 2014/10/28 v1.5q LaTeX2e package for verbatim enhancements
\every@verbatim=\toks18
\verbatim@line=\toks19
\verbatim@in@stream=\read1
)
("C:\Program Files\MiKTeX 2.9\tex\latex\amsmath\amsmath.sty"
Package: amsmath 2013/01/14 v2.14 AMS math features
\@mathmargin=\skip46

For additional information on amsmath, use the `?' option.
("C:\Program Files\MiKTeX 2.9\tex\latex\amsmath\amstext.sty"
Package: amstext 2000/06/29 v2.01

("C:\Program Files\MiKTeX 2.9\tex\latex\amsmath\amsgen.sty"
File: amsgen.sty 1999/11/30 v2.0
\@emptytoks=\toks20
\ex@=\dimen121
))
("C:\Program Files\MiKTeX 2.9\tex\latex\amsmath\amsbsy.sty"
Package: amsbsy 1999/11/29 v1.2d
\pmbraise@=\dimen122
)
("C:\Program Files\MiKTeX 2.9\tex\latex\amsmath\amsopn.sty"
Package: amsopn 1999/12/14 v2.01 operator names
)
\inf@bad=\count92
LaTeX Info: Redefining \frac on input line 210.
\uproot@=\count93
\leftroot@=\count94
LaTeX Info: Redefining \overline on input line 306.
\classnum@=\count95
\DOTSCASE@=\count96
LaTeX Info: Redefining \ldots on input line 378.
LaTeX Info: Redefining \dots on input line 381.
LaTeX Info: Redefining \cdots on input line 466.
\Mathstrutbox@=\box27
\strutbox@=\box28
\big@size=\dimen123
LaTeX Font Info:    Redeclaring font encoding OML on input line 566.
LaTeX Font Info:    Redeclaring font encoding OMS on input line 567.
\macc@depth=\count97
\c@MaxMatrixCols=\count98
\dotsspace@=\muskip10
\c@parentequation=\count99
\dspbrk@lvl=\count100
\tag@help=\toks21
\row@=\count101
\column@=\count102
\maxfields@=\count103
\andhelp@=\toks22
\eqnshift@=\dimen124
\alignsep@=\dimen125
\tagshift@=\dimen126
\tagwidth@=\dimen127
\totwidth@=\dimen128
\lineht@=\dimen129
\@envbody=\toks23
\multlinegap=\skip47
\multlinetaggap=\skip48
\mathdisplay@stack=\toks24
LaTeX Info: Redefining \[ on input line 2665.
LaTeX Info: Redefining \] on input line 2666.
)
("C:\Program Files\MiKTeX 2.9\tex\latex\algorithms\algorithm.sty"
Package: algorithm 2009/08/24 v0.1 Document Style `algorithm' - floating enviro
nment

("C:\Program Files\MiKTeX 2.9\tex\latex\float\float.sty"
Package: float 2001/11/08 v1.3d Float enhancements (AL)
\c@float@type=\count104
\float@exts=\toks25
\float@box=\box29
\@float@everytoks=\toks26
\@floatcapt=\box30
)
("C:\Program Files\MiKTeX 2.9\tex\latex\base\ifthen.sty"
Package: ifthen 2014/09/29 v1.1c Standard LaTeX ifthen package (DPC)
)
\@float@every@algorithm=\toks27
\c@algorithm=\count105
) (algpseudocode.sty
Package: algpseudocode 

("C:\Program Files\MiKTeX 2.9\tex\latex\algorithmicx\algorithmicx.sty"
Package: algorithmicx 2005/04/27 v1.2 Algorithmicx

Document Style algorithmicx 1.2 - a greatly improved `algorithmic' style
\c@ALG@line=\count106
\c@ALG@rem=\count107
\c@ALG@nested=\count108
\ALG@tlm=\skip49
\ALG@thistlm=\skip50
\c@ALG@Lnr=\count109
\c@ALG@blocknr=\count110
\c@ALG@storecount=\count111
\c@ALG@tmpcounter=\count112
\ALG@tmplength=\skip51
)
Document Style - pseudocode environments for use with the `algorithmicx' style
) ("C:\Program Files\MiKTeX 2.9\tex\latex\mwe\mwe.sty"
Package: mwe 2012/05/15 v0.3 Package to support minimal working examples (MWE)

("C:\Program Files\MiKTeX 2.9\tex\latex\lipsum\lipsum.sty"
Package: lipsum 2014/07/27 v1.3 150 paragraphs of Lorem Ipsum dummy text
\c@lips@count=\count113
)
("C:\Program Files\MiKTeX 2.9\tex\latex\blindtext\blindtext.sty"
Package: blindtext 2012/01/06 V2.0 blindtext-Package

("C:\Program Files\MiKTeX 2.9\tex\latex\tools\xspace.sty"
Package: xspace 2014/10/28 v1.13 Space after command names (DPC,MH)
)
\c@blindtext=\count114
\c@Blindtext=\count115
\c@blind@countparstart=\count116
\blind@countxx=\count117
\blindtext@numBlindtext=\count118
\blind@countyy=\count119
\c@blindlist=\count120
\c@blindlistlevel=\count121
\c@blindlist@level=\count122
\blind@listitem=\count123
\c@blind@listcount=\count124
\c@blind@levelcount=\count125
\blind@mathformula=\count126
\blind@Mathformula=\count127
\c@blind@randomcount=\count128
\c@blind@randommax=\count129
\c@blind@pangramcount=\count130
\c@blind@pangrammax=\count131
))
("C:\Program Files\MiKTeX 2.9\tex\latex\hyperref\hyperref.sty"
Package: hyperref 2012/11/06 v6.83m Hypertext links for LaTeX

("C:\Program Files\MiKTeX 2.9\tex\generic\oberdiek\hobsub-hyperref.sty"
Package: hobsub-hyperref 2012/04/25 v1.12 Bundle oberdiek, subset hyperref (HO)


("C:\Program Files\MiKTeX 2.9\tex\generic\oberdiek\hobsub-generic.sty"
Package: hobsub-generic 2012/04/25 v1.12 Bundle oberdiek, subset generic (HO)
Package: hobsub 2012/04/25 v1.12 Construct package bundles (HO)
Package hobsub Info: Skipping package `infwarerr' (already loaded).
Package hobsub Info: Skipping package `ltxcmds' (already loaded).
Package hobsub Info: Skipping package `ifluatex' (already loaded).
Package: ifvtex 2010/03/01 v1.5 Detect VTeX and its facilities (HO)
Package ifvtex Info: VTeX not detected.
Package: intcalc 2007/09/27 v1.1 Expandable calculations with integers (HO)
Package hobsub Info: Skipping package `ifpdf' (already loaded).
Package hobsub Info: Skipping package `etexcmds' (already loaded).
Package hobsub Info: Skipping package `kvsetkeys' (already loaded).
Package hobsub Info: Skipping package `kvdefinekeys' (already loaded).
Package hobsub Info: Skipping package `pdftexcmds' (already loaded).
Package: pdfescape 2011/11/25 v1.13 Implements pdfTeX's escape features (HO)
Package: bigintcalc 2012/04/08 v1.3 Expandable calculations on big integers (HO
)
Package: bitset 2011/01/30 v1.1 Handle bit-vector datatype (HO)
Package: uniquecounter 2011/01/30 v1.2 Provide unlimited unique counter (HO)
)
Package hobsub Info: Skipping package `hobsub' (already loaded).
Package: letltxmacro 2010/09/02 v1.4 Let assignment for LaTeX macros (HO)
Package: hopatch 2011/06/24 v1.1 Wrapper for package hooks (HO)
Package: xcolor-patch 2011/01/30 xcolor patch
Package: atveryend 2011/06/30 v1.8 Hooks at the very end of document (HO)
Package atveryend Info: \enddocument detected (standard20110627).
Package: atbegshi 2011/10/05 v1.16 At begin shipout hook (HO)
Package: refcount 2011/10/16 v3.4 Data extraction from label references (HO)
Package: hycolor 2011/01/30 v1.7 Color options for hyperref/bookmark (HO)
)
("C:\Program Files\MiKTeX 2.9\tex\generic\ifxetex\ifxetex.sty"
Package: ifxetex 2010/09/12 v0.6 Provides ifxetex conditional
)
("C:\Program Files\MiKTeX 2.9\tex\latex\oberdiek\auxhook.sty"
Package: auxhook 2011/03/04 v1.3 Hooks for auxiliary files (HO)
)
\@linkdim=\dimen130
\Hy@linkcounter=\count132
\Hy@pagecounter=\count133

("C:\Program Files\MiKTeX 2.9\tex\latex\hyperref\pd1enc.def"
File: pd1enc.def 2012/11/06 v6.83m Hyperref: PDFDocEncoding definition (HO)
)
\Hy@SavedSpaceFactor=\count134

("C:\Program Files\MiKTeX 2.9\tex\latex\00miktex\hyperref.cfg"
File: hyperref.cfg 2002/06/06 v1.2 hyperref configuration of TeXLive
)
Package hyperref Info: Hyper figures OFF on input line 4443.
Package hyperref Info: Link nesting OFF on input line 4448.
Package hyperref Info: Hyper index ON on input line 4451.
Package hyperref Info: Plain pages OFF on input line 4458.
Package hyperref Info: Backreferencing OFF on input line 4463.
Package hyperref Info: Implicit mode ON; LaTeX internals redefined.
Package hyperref Info: Bookmarks ON on input line 4688.
\c@Hy@tempcnt=\count135

("C:\Program Files\MiKTeX 2.9\tex\latex\url\url.sty"
\Urlmuskip=\muskip11
Package: url 2013/09/16  ver 3.4  Verb mode for urls, etc.
)
LaTeX Info: Redefining \url on input line 5041.
\XeTeXLinkMargin=\dimen131
\Fld@menulength=\count136
\Field@Width=\dimen132
\Fld@charsize=\dimen133
Package hyperref Info: Hyper figures OFF on input line 6295.
Package hyperref Info: Link nesting OFF on input line 6300.
Package hyperref Info: Hyper index ON on input line 6303.
Package hyperref Info: backreferencing OFF on input line 6310.
Package hyperref Info: Link coloring OFF on input line 6315.
Package hyperref Info: Link coloring with OCG OFF on input line 6320.
Package hyperref Info: PDF/A mode OFF on input line 6325.
LaTeX Info: Redefining \ref on input line 6365.
LaTeX Info: Redefining \pageref on input line 6369.
\Hy@abspage=\count137
\c@Item=\count138
\c@Hfootnote=\count139
)

Package hyperref Message: Driver (autodetected): hpdftex.

("C:\Program Files\MiKTeX 2.9\tex\latex\hyperref\hpdftex.def"
File: hpdftex.def 2012/11/06 v6.83m Hyperref driver for pdfTeX
\Fld@listcount=\count140
\c@bookmark@seq@number=\count141

("C:\Program Files\MiKTeX 2.9\tex\latex\oberdiek\rerunfilecheck.sty"
Package: rerunfilecheck 2011/04/15 v1.7 Rerun checks for auxiliary files (HO)
Package uniquecounter Info: New unique counter `rerunfilecheck' on input line 2
82.
)
\Hy@SectionHShift=\skip52
)
("C:\Program Files\MiKTeX 2.9\tex\latex\adjustbox\adjustbox.sty"
Package: adjustbox 2012/05/21 v1.0 Adjusting TeX boxes (trim, clip, ...)

("C:\Program Files\MiKTeX 2.9\tex\latex\xkeyval\xkeyval.sty"
Package: xkeyval 2014/12/03 v2.7a package option processing (HA)

("C:\Program Files\MiKTeX 2.9\tex\generic\xkeyval\xkeyval.tex"
("C:\Program Files\MiKTeX 2.9\tex\generic\xkeyval\xkvutils.tex"
\XKV@toks=\toks28
\XKV@tempa@toks=\toks29
)
\XKV@depth=\count142
File: xkeyval.tex 2014/12/03 v2.7a key=value parser (HA)
))
("C:\Program Files\MiKTeX 2.9\tex\latex\adjustbox\adjcalc.sty"
Package: adjcalc 2012/05/16 v1.1 Provides advanced setlength with multiple back
-ends (calc, etex, pgfmath)
)
("C:\Program Files\MiKTeX 2.9\tex\latex\adjustbox\trimclip.sty"
Package: trimclip 2012/05/16 v1.0 Trim and clip general TeX material

("C:\Program Files\MiKTeX 2.9\tex\latex\collectbox\collectbox.sty"
Package: collectbox 2012/05/17 v0.4b Collect macro arguments as boxes
\collectedbox=\box31
)
\tc@llx=\dimen134
\tc@lly=\dimen135
\tc@urx=\dimen136
\tc@ury=\dimen137
Package trimclip Info: Using driver 'tc-pdftex.def'.

("C:\Program Files\MiKTeX 2.9\tex\latex\adjustbox\tc-pdftex.def"
File: tc-pdftex.def 2012/05/13 v1.0 Clipping driver for pdftex
))
\adjbox@Width=\dimen138
\adjbox@Height=\dimen139
\adjbox@Depth=\dimen140
\adjbox@Totalheight=\dimen141

("C:\Program Files\MiKTeX 2.9\tex\latex\ifoddpage\ifoddpage.sty"
Package: ifoddpage 2011/09/13 v1.0 Conditionals for odd/even page detection
\c@checkoddpage=\count143
)
("C:\Program Files\MiKTeX 2.9\tex\latex\ltxmisc\varwidth.sty"
Package: varwidth 2009/03/30 ver 0.92;  Variable-width minipages
\@vwid@box=\box32
\sift@deathcycles=\count144
\@vwid@loff=\dimen142
\@vwid@roff=\dimen143
))
("C:\Program Files\MiKTeX 2.9\tex\latex\tools\array.sty"
Package: array 2014/10/28 v2.4c Tabular extension package (FMi)
\col@sep=\dimen144
\extrarowheight=\dimen145
\NC@list=\toks30
\extratabsurround=\skip53
\backup@length=\skip54
)
** ATTENTION: Overriding command lockouts (line 76).
(paper_v2.aux

LaTeX Warning: Label `tbl:kind_event' multiply defined.

)
LaTeX Font Info:    Checking defaults for OML/cmm/m/it on input line 78.
LaTeX Font Info:    ... okay on input line 78.
LaTeX Font Info:    Checking defaults for T1/cmr/m/n on input line 78.
LaTeX Font Info:    ... okay on input line 78.
LaTeX Font Info:    Checking defaults for OT1/cmr/m/n on input line 78.
LaTeX Font Info:    ... okay on input line 78.
LaTeX Font Info:    Checking defaults for OMS/cmsy/m/n on input line 78.
LaTeX Font Info:    ... okay on input line 78.
LaTeX Font Info:    Checking defaults for OMX/cmex/m/n on input line 78.
LaTeX Font Info:    ... okay on input line 78.
LaTeX Font Info:    Checking defaults for U/cmr/m/n on input line 78.
LaTeX Font Info:    ... okay on input line 78.
LaTeX Font Info:    Checking defaults for PD1/pdf/m/n on input line 78.
LaTeX Font Info:    ... okay on input line 78.
 ("C:\Program Files\MiKTeX 2.9\tex\context\base\supp-pdf.mkii"
[Loading MPS to PDF converter (version 2006.09.02).]
\scratchcounter=\count145
\scratchdimen=\dimen146
\scratchbox=\box33
\nofMPsegments=\count146
\nofMParguments=\count147
\everyMPshowfont=\toks31
\MPscratchCnt=\count148
\MPscratchDim=\dimen147
\MPnumerator=\count149
\makeMPintoPDFobject=\count150
\everyMPtoPDFconversion=\toks32
)
\AtBeginShipoutBox=\box34
Package hyperref Info: Link coloring OFF on input line 78.
 ("C:\Program Files\MiKTeX 2.9\tex\latex\hyperref\nameref.sty"
Package: nameref 2012/10/27 v2.43 Cross-referencing by name of section

("C:\Program Files\MiKTeX 2.9\tex\generic\oberdiek\gettitlestring.sty"
Package: gettitlestring 2010/12/03 v1.4 Cleanup title references (HO)
)
\c@section@level=\count151
)
LaTeX Info: Redefining \ref on input line 78.
LaTeX Info: Redefining \pageref on input line 78.
LaTeX Info: Redefining \nameref on input line 78.

(paper_v2.out) (paper_v2.out)
\@outlinefile=\write3
LaTeX Font Info:    Calculating math sizes for size <11> on input line 113.
 [1{C:/ProgramData/MiKTeX/2.9/pdftex/config/pdftex.map}


]
Missing character: There is no â in font ptmr7t!
Missing character: There is no € in font ptmr7t!
Missing character: There is no ™ in font ptmr7t!
 [2]
Underfull \hbox (badness 2680) in paragraph at lines 255--256
[]|\OT1/ptm/m/n/7 Editor and view se-lec-tions via
 []


Underfull \hbox (badness 3428) in paragraph at lines 259--260
[]|\OT1/ptm/m/n/7 Interaction prop-a-gates to struc-
 []

[3]
Package epstopdf Info: Source file: <figures/hist_rejected.eps>
(epstopdf)                    date: 2015-08-12 12:07:57
(epstopdf)                    size: 7802 bytes
(epstopdf)             Output file: <figures/hist_rejected-eps-converted-to.pdf
>
(epstopdf)                    date: 2015-08-12 12:07:57
(epstopdf)                    size: 6933 bytes
(epstopdf)             Command: <epstopdf --outfile=figures/hist_rejected-eps-c
onverted-to.pdf figures/hist_rejected.eps>
(epstopdf)             \includegraphics on input line 338.
Package epstopdf Info: Output file is already uptodate.

<figures/hist_rejected-eps-converted-to.pdf, id=202, 427.5975pt x 239.89626pt>
File: figures/hist_rejected-eps-converted-to.pdf Graphic file (type pdf)

<use figures/hist_rejected-eps-converted-to.pdf>
Package pdftex.def Info: figures/hist_rejected-eps-converted-to.pdf used on inp
ut line 338.
(pdftex.def)             Requested size: 253.04987pt x 141.9695pt.

Overfull \hbox (12.0pt too wide) in paragraph at lines 337--340
 [][] 
 []

Package epstopdf Info: Source file: <figures/mass_event.eps>
(epstopdf)                    date: 2015-08-12 12:07:57
(epstopdf)                    size: 31791 bytes
(epstopdf)             Output file: <figures/mass_event-eps-converted-to.pdf>
(epstopdf)                    date: 2015-08-12 12:07:57
(epstopdf)                    size: 18273 bytes
(epstopdf)             Command: <epstopdf --outfile=figures/mass_event-eps-conv
erted-to.pdf figures/mass_event.eps>
(epstopdf)             \includegraphics on input line 360.
Package epstopdf Info: Output file is already uptodate.
<figures/mass_event-eps-converted-to.pdf, id=206, 244.915pt x 171.64125pt>
File: figures/mass_event-eps-converted-to.pdf Graphic file (type pdf)

<use figures/mass_event-eps-converted-to.pdf>
Package pdftex.def Info: figures/mass_event-eps-converted-to.pdf used on input 
line 360.
(pdftex.def)             Requested size: 189.7874pt x 133.0101pt.
 [4 <./figures/hist_rejected-eps-converted-to.pdf> <./figures/mass_event-eps-co
nverted-to.pdf>]
Package epstopdf Info: Source file: <figures/trans.eps>
(epstopdf)                    date: 2015-08-12 12:07:57
(epstopdf)                    size: 95180 bytes
(epstopdf)             Output file: <figures/trans-eps-converted-to.pdf>
(epstopdf)                    date: 2015-08-12 12:07:57
(epstopdf)                    size: 55176 bytes
(epstopdf)             Command: <epstopdf --outfile=figures/trans-eps-converted
-to.pdf figures/trans.eps>
(epstopdf)             \includegraphics on input line 447.
Package epstopdf Info: Output file is already uptodate.

<figures/trans-eps-converted-to.pdf, id=233, 354.32375pt x 163.61125pt>
File: figures/trans-eps-converted-to.pdf Graphic file (type pdf)

<use figures/trans-eps-converted-to.pdf>
Package pdftex.def Info: figures/trans-eps-converted-to.pdf used on input line 
447.
(pdftex.def)             Requested size: 240.39659pt x 111.007pt.
Package epstopdf Info: Source file: <figures/box_int_events_edit.eps>
(epstopdf)                    date: 2015-08-12 12:07:57
(epstopdf)                    size: 18535 bytes
(epstopdf)             Output file: <figures/box_int_events_edit-eps-converted-
to.pdf>
(epstopdf)                    date: 2015-08-12 12:07:57
(epstopdf)                    size: 24082 bytes
(epstopdf)             Command: <epstopdf --outfile=figures/box_int_events_edit
-eps-converted-to.pdf figures/box_int_events_edit.eps>
(epstopdf)             \includegraphics on input line 501.
Package epstopdf Info: Output file is already uptodate.

<figures/box_int_events_edit-eps-converted-to.pdf, id=237, 451.6875pt x 240.9pt
>
File: figures/box_int_events_edit-eps-converted-to.pdf Graphic file (type pdf)
 <use figures/box_int_events_edit-eps-converted-to.pdf>
Package pdftex.def Info: figures/box_int_events_edit-eps-converted-to.pdf used 
on input line 501.
(pdftex.def)             Requested size: 202.44066pt x 107.97025pt.
Package epstopdf Info: Source file: <figures/box_int_events_sel.eps>
(epstopdf)                    date: 2015-08-12 12:07:57
(epstopdf)                    size: 15742 bytes
(epstopdf)             Output file: <figures/box_int_events_sel-eps-converted-t
o.pdf>
(epstopdf)                    date: 2015-08-12 12:07:57
(epstopdf)                    size: 18854 bytes
(epstopdf)             Command: <epstopdf --outfile=figures/box_int_events_sel-
eps-converted-to.pdf figures/box_int_events_sel.eps>
(epstopdf)             \includegraphics on input line 502.
Package epstopdf Info: Output file is already uptodate.

<figures/box_int_events_sel-eps-converted-to.pdf, id=239, 451.6875pt x 240.9pt>
File: figures/box_int_events_sel-eps-converted-to.pdf Graphic file (type pdf)
<use figures/box_int_events_sel-eps-converted-to.pdf>
Package pdftex.def Info: figures/box_int_events_sel-eps-converted-to.pdf used o
n input line 502.
(pdftex.def)             Requested size: 202.44066pt x 107.97025pt.
Package epstopdf Info: Source file: <figures/box_int_ratio.eps>
(epstopdf)                    date: 2015-08-12 12:07:57
(epstopdf)                    size: 15741 bytes
(epstopdf)             Output file: <figures/box_int_ratio-eps-converted-to.pdf
>
(epstopdf)                    date: 2015-08-12 12:07:57
(epstopdf)                    size: 17174 bytes
(epstopdf)             Command: <epstopdf --outfile=figures/box_int_ratio-eps-c
onverted-to.pdf figures/box_int_ratio.eps>
(epstopdf)             \includegraphics on input line 503.
Package epstopdf Info: Output file is already uptodate.

<figures/box_int_ratio-eps-converted-to.pdf, id=241, 451.6875pt x 248.93pt>
File: figures/box_int_ratio-eps-converted-to.pdf Graphic file (type pdf)

<use figures/box_int_ratio-eps-converted-to.pdf>
Package pdftex.def Info: figures/box_int_ratio-eps-converted-to.pdf used on inp
ut line 503.
(pdftex.def)             Requested size: 202.44066pt x 111.56924pt.
 [5 <./figures/trans-eps-converted-to.pdf>]
Package epstopdf Info: Source file: <figures/box_plot_range_edit.eps>
(epstopdf)                    date: 2015-08-12 12:07:57
(epstopdf)                    size: 23285 bytes
(epstopdf)             Output file: <figures/box_plot_range_edit-eps-converted-
to.pdf>
(epstopdf)                    date: 2015-08-12 12:07:57
(epstopdf)                    size: 32842 bytes
(epstopdf)             Command: <epstopdf --outfile=figures/box_plot_range_edit
-eps-converted-to.pdf figures/box_plot_range_edit.eps>
(epstopdf)             \includegraphics on input line 600.
Package epstopdf Info: Output file is already uptodate.

<figures/box_plot_range_edit-eps-converted-to.pdf, id=265, 451.6875pt x 225.843
75pt>
File: figures/box_plot_range_edit-eps-converted-to.pdf Graphic file (type pdf)
 <use figures/box_plot_range_edit-eps-converted-to.pdf>
Package pdftex.def Info: figures/box_plot_range_edit-eps-converted-to.pdf used 
on input line 600.
(pdftex.def)             Requested size: 202.44066pt x 101.22209pt.
Package epstopdf Info: Source file: <figures/box_plot_range_sel.eps>
(epstopdf)                    date: 2015-08-12 12:07:57
(epstopdf)                    size: 17874 bytes
(epstopdf)             Output file: <figures/box_plot_range_sel-eps-converted-t
o.pdf>
(epstopdf)                    date: 2015-08-12 12:07:57
(epstopdf)                    size: 22677 bytes
(epstopdf)             Command: <epstopdf --outfile=figures/box_plot_range_sel-
eps-converted-to.pdf figures/box_plot_range_sel.eps>
(epstopdf)             \includegraphics on input line 601.
Package epstopdf Info: Output file is already uptodate.

<figures/box_plot_range_sel-eps-converted-to.pdf, id=267, 451.6875pt x 225.8437
5pt>
File: figures/box_plot_range_sel-eps-converted-to.pdf Graphic file (type pdf)
 <use figures/box_plot_range_sel-eps-converted-to.pdf>
Package pdftex.def Info: figures/box_plot_range_sel-eps-converted-to.pdf used o
n input line 601.
(pdftex.def)             Requested size: 202.44066pt x 101.22209pt.
Package epstopdf Info: Source file: <figures/box_dur_ratio.eps>
(epstopdf)                    date: 2015-08-12 12:07:57
(epstopdf)                    size: 19033 bytes
(epstopdf)             Output file: <figures/box_dur_ratio-eps-converted-to.pdf
>
(epstopdf)                    date: 2015-08-12 12:07:57
(epstopdf)                    size: 21173 bytes
(epstopdf)             Command: <epstopdf --outfile=figures/box_dur_ratio-eps-c
onverted-to.pdf figures/box_dur_ratio.eps>
(epstopdf)             \includegraphics on input line 602.
Package epstopdf Info: Output file is already uptodate.

<figures/box_dur_ratio-eps-converted-to.pdf, id=269, 451.6875pt x 225.84375pt>
File: figures/box_dur_ratio-eps-converted-to.pdf Graphic file (type pdf)

<use figures/box_dur_ratio-eps-converted-to.pdf>
Package pdftex.def Info: figures/box_dur_ratio-eps-converted-to.pdf used on inp
ut line 602.
(pdftex.def)             Requested size: 202.44066pt x 101.22209pt.
 [6 <./figures/box_int_events_edit-eps-converted-to.pdf> <./figures/box_int_eve
nts_sel-eps-converted-to.pdf> <./figures/box_int_ratio-eps-converted-to.pdf>]
Underfull \vbox (badness 10000) has occurred while \output is active []

Package epstopdf Info: Source file: <figures/without_int_med.eps>
(epstopdf)                    date: 2015-08-12 12:07:57
(epstopdf)                    size: 7853 bytes
(epstopdf)             Output file: <figures/without_int_med-eps-converted-to.p
df>
(epstopdf)                    date: 2015-08-12 12:07:57
(epstopdf)                    size: 8184 bytes
(epstopdf)             Command: <epstopdf --outfile=figures/without_int_med-eps
-converted-to.pdf figures/without_int_med.eps>
(epstopdf)             \includegraphics on input line 708.
Package epstopdf Info: Output file is already uptodate.

<figures/without_int_med-eps-converted-to.pdf, id=304, 526.96875pt x 262.9825pt
>
File: figures/without_int_med-eps-converted-to.pdf Graphic file (type pdf)
 <use figures/without_int_med-eps-converted-to.pdf>
Package pdftex.def Info: figures/without_int_med-eps-converted-to.pdf used on i
nput line 708.
(pdftex.def)             Requested size: 202.44066pt x 101.02986pt.
Package epstopdf Info: Source file: <figures/with_int1_med.eps>
(epstopdf)                    date: 2015-08-12 12:07:57
(epstopdf)                    size: 7858 bytes
(epstopdf)             Output file: <figures/with_int1_med-eps-converted-to.pdf
>
(epstopdf)                    date: 2015-08-12 12:07:57
(epstopdf)                    size: 8139 bytes
(epstopdf)             Command: <epstopdf --outfile=figures/with_int1_med-eps-c
onverted-to.pdf figures/with_int1_med.eps>
(epstopdf)             \includegraphics on input line 709.
Package epstopdf Info: Output file is already uptodate.

<figures/with_int1_med-eps-converted-to.pdf, id=306, 526.96875pt x 262.9825pt>
File: figures/with_int1_med-eps-converted-to.pdf Graphic file (type pdf)

<use figures/with_int1_med-eps-converted-to.pdf>
Package pdftex.def Info: figures/with_int1_med-eps-converted-to.pdf used on inp
ut line 709.
(pdftex.def)             Requested size: 202.44066pt x 101.02986pt.
Package epstopdf Info: Source file: <figures/with_int2_med.eps>
(epstopdf)                    date: 2015-08-12 12:07:57
(epstopdf)                    size: 7869 bytes
(epstopdf)             Output file: <figures/with_int2_med-eps-converted-to.pdf
>
(epstopdf)                    date: 2015-08-12 12:07:57
(epstopdf)                    size: 8200 bytes
(epstopdf)             Command: <epstopdf --outfile=figures/with_int2_med-eps-c
onverted-to.pdf figures/with_int2_med.eps>
(epstopdf)             \includegraphics on input line 710.
Package epstopdf Info: Output file is already uptodate.

<figures/with_int2_med-eps-converted-to.pdf, id=308, 526.96875pt x 262.9825pt>
File: figures/with_int2_med-eps-converted-to.pdf Graphic file (type pdf)

<use figures/with_int2_med-eps-converted-to.pdf>
Package pdftex.def Info: figures/with_int2_med-eps-converted-to.pdf used on inp
ut line 710.
(pdftex.def)             Requested size: 202.44066pt x 101.02986pt.
 [7 <./figures/box_plot_range_edit-eps-converted-to.pdf> <./figures/box_plot_ra
nge_sel-eps-converted-to.pdf> <./figures/box_dur_ratio-eps-converted-to.pdf>]
Package epstopdf Info: Source file: <figures/all_ints.eps>
(epstopdf)                    date: 2015-08-12 12:07:57
(epstopdf)                    size: 14058 bytes
(epstopdf)             Output file: <figures/all_ints-eps-converted-to.pdf>
(epstopdf)                    date: 2015-08-12 12:07:57
(epstopdf)                    size: 13633 bytes
(epstopdf)             Command: <epstopdf --outfile=figures/all_ints-eps-conver
ted-to.pdf figures/all_ints.eps>
(epstopdf)             \includegraphics on input line 738.
Package epstopdf Info: Output file is already uptodate.

<figures/all_ints-eps-converted-to.pdf, id=336, 451.6875pt x 248.93pt>
File: figures/all_ints-eps-converted-to.pdf Graphic file (type pdf)

<use figures/all_ints-eps-converted-to.pdf>
Package pdftex.def Info: figures/all_ints-eps-converted-to.pdf used on input li
ne 738.
(pdftex.def)             Requested size: 227.74333pt x 125.51303pt.
Package epstopdf Info: Source file: <figures/ratio_all.eps>
(epstopdf)                    date: 2015-08-12 12:07:57
(epstopdf)                    size: 56287 bytes
(epstopdf)             Output file: <figures/ratio_all-eps-converted-to.pdf>
(epstopdf)                    date: 2015-08-12 12:07:57
(epstopdf)                    size: 75669 bytes
(epstopdf)             Command: <epstopdf --outfile=figures/ratio_all-eps-conve
rted-to.pdf figures/ratio_all.eps>
(epstopdf)             \includegraphics on input line 750.
Package epstopdf Info: Output file is already uptodate.

<figures/ratio_all-eps-converted-to.pdf, id=341, 526.96875pt x 262.9825pt>
File: figures/ratio_all-eps-converted-to.pdf Graphic file (type pdf)

<use figures/ratio_all-eps-converted-to.pdf>
Package pdftex.def Info: figures/ratio_all-eps-converted-to.pdf used on input l
ine 750.
(pdftex.def)             Requested size: 227.74333pt x 113.65408pt.
 [8 <./figures/without_int_med-eps-converted-to.pdf> <./figures/with_int1_med-e
ps-converted-to.pdf> <./figures/with_int2_med-eps-converted-to.pdf> <./figures/
all_ints-eps-converted-to.pdf> <./figures/ratio_all-eps-converted-to.pdf>]
Package epstopdf Info: Source file: <figures/neg_ints.eps>
(epstopdf)                    date: 2015-08-12 12:07:57
(epstopdf)                    size: 13457 bytes
(epstopdf)             Output file: <figures/neg_ints-eps-converted-to.pdf>
(epstopdf)                    date: 2015-08-12 12:07:57
(epstopdf)                    size: 13436 bytes
(epstopdf)             Command: <epstopdf --outfile=figures/neg_ints-eps-conver
ted-to.pdf figures/neg_ints.eps>
(epstopdf)             \includegraphics on input line 822.
Package epstopdf Info: Output file is already uptodate.

<figures/neg_ints-eps-converted-to.pdf, id=394, 339.2675pt x 188.705pt>
File: figures/neg_ints-eps-converted-to.pdf Graphic file (type pdf)

<use figures/neg_ints-eps-converted-to.pdf>
Package pdftex.def Info: figures/neg_ints-eps-converted-to.pdf used on input li
ne 822.
(pdftex.def)             Requested size: 339.26666pt x 188.70453pt.
Package epstopdf Info: Source file: <figures/pos_ints.eps>
(epstopdf)                    date: 2015-08-12 12:07:57
(epstopdf)                    size: 13441 bytes
(epstopdf)             Output file: <figures/pos_ints-eps-converted-to.pdf>
(epstopdf)                    date: 2015-08-12 12:07:57
(epstopdf)                    size: 13475 bytes
(epstopdf)             Command: <epstopdf --outfile=figures/pos_ints-eps-conver
ted-to.pdf figures/pos_ints.eps>
(epstopdf)             \includegraphics on input line 824.
Package epstopdf Info: Output file is already uptodate.

<figures/pos_ints-eps-converted-to.pdf, id=395, 339.2675pt x 188.705pt>
File: figures/pos_ints-eps-converted-to.pdf Graphic file (type pdf)

<use figures/pos_ints-eps-converted-to.pdf>
Package pdftex.def Info: figures/pos_ints-eps-converted-to.pdf used on input li
ne 824.
(pdftex.def)             Requested size: 339.26666pt x 188.70453pt.
Package epstopdf Info: Source file: <figures/neu_ints.eps>
(epstopdf)                    date: 2015-08-12 12:07:57
(epstopdf)                    size: 13460 bytes
(epstopdf)             Output file: <figures/neu_ints-eps-converted-to.pdf>
(epstopdf)                    date: 2015-08-12 12:07:57
(epstopdf)                    size: 13563 bytes
(epstopdf)             Command: <epstopdf --outfile=figures/neu_ints-eps-conver
ted-to.pdf figures/neu_ints.eps>
(epstopdf)             \includegraphics on input line 826.
Package epstopdf Info: Output file is already uptodate.

<figures/neu_ints-eps-converted-to.pdf, id=396, 339.2675pt x 188.705pt>
File: figures/neu_ints-eps-converted-to.pdf Graphic file (type pdf)

<use figures/neu_ints-eps-converted-to.pdf>
Package pdftex.def Info: figures/neu_ints-eps-converted-to.pdf used on input li
ne 826.
(pdftex.def)             Requested size: 339.26666pt x 188.70453pt.
Package epstopdf Info: Source file: <figures/ratio_pos.eps>
(epstopdf)                    date: 2015-08-12 12:07:57
(epstopdf)                    size: 30753 bytes
(epstopdf)             Output file: <figures/ratio_pos-eps-converted-to.pdf>
(epstopdf)                    date: 2015-08-12 12:07:57
(epstopdf)                    size: 37949 bytes
(epstopdf)             Command: <epstopdf --outfile=figures/ratio_pos-eps-conve
rted-to.pdf figures/ratio_pos.eps>
(epstopdf)             \includegraphics on input line 834.
Package epstopdf Info: Output file is already uptodate.

<figures/ratio_pos-eps-converted-to.pdf, id=397, 526.96875pt x 262.9825pt>
File: figures/ratio_pos-eps-converted-to.pdf Graphic file (type pdf)

<use figures/ratio_pos-eps-converted-to.pdf>
Package pdftex.def Info: figures/ratio_pos-eps-converted-to.pdf used on input l
ine 834.
(pdftex.def)             Requested size: 227.74333pt x 113.65408pt.
Package epstopdf Info: Source file: <figures/ratio_neg.eps>
(epstopdf)                    date: 2015-08-12 12:07:57
(epstopdf)                    size: 32363 bytes
(epstopdf)             Output file: <figures/ratio_neg-eps-converted-to.pdf>
(epstopdf)                    date: 2015-08-12 12:07:57
(epstopdf)                    size: 40799 bytes
(epstopdf)             Command: <epstopdf --outfile=figures/ratio_neg-eps-conve
rted-to.pdf figures/ratio_neg.eps>
(epstopdf)             \includegraphics on input line 837.
Package epstopdf Info: Output file is already uptodate.

<figures/ratio_neg-eps-converted-to.pdf, id=399, 526.96875pt x 262.9825pt>
File: figures/ratio_neg-eps-converted-to.pdf Graphic file (type pdf)

<use figures/ratio_neg-eps-converted-to.pdf>
Package pdftex.def Info: figures/ratio_neg-eps-converted-to.pdf used on input l
ine 837.
(pdftex.def)             Requested size: 227.74333pt x 113.65408pt.
 [9 <./figures/ratio_pos-eps-converted-to.pdf> <./figures/ratio_neg-eps-convert
ed-to.pdf> <./figures/neg_ints-eps-converted-to.pdf> <./figures/pos_ints-eps-co
nverted-to.pdf> <./figures/neu_ints-eps-converted-to.pdf>] (paper_v2.bbl [10])

** Conference Paper **
Before submitting the final camera ready copy, remember to:

 1. Manually equalize the lengths of two columns on the last page
 of your paper;

 2. Ensure that any PostScript and/or PDF output post-processing
 uses only Type 1 fonts and that every step in the generation
 process uses the appropriate paper size.

Package atveryend Info: Empty hook `BeforeClearDocument' on input line 915.
[11

]
Package atveryend Info: Empty hook `AfterLastShipout' on input line 915.
 (paper_v2.aux)
Package atveryend Info: Executing hook `AtVeryEndDocument' on input line 915.
Package atveryend Info: Executing hook `AtEndAfterFileList' on input line 915.
Package rerunfilecheck Info: File `paper_v2.out' has not changed.
(rerunfilecheck)             Checksum: ECC68D7E67CD7DA122883C76336F7CC6;1862.


LaTeX Warning: There were multiply-defined labels.

Package atveryend Info: Empty hook `AtVeryVeryEnd' on input line 915.
 ) 
Here is how much of TeX's memory you used:
 8478 strings out of 493698
 128933 string characters out of 3144406
 334793 words of memory out of 3000000
 11524 multiletter control sequences out of 15000+200000
 44616 words of font info for 85 fonts, out of 3000000 for 9000
 1028 hyphenation exceptions out of 8191
 42i,14n,34p,1432b,463s stack positions out of 5000i,500n,10000p,200000b,50000s
{C:/Program Files/MiKTeX 2.9/fonts/enc/dvips/fontname/8r.enc}<C:/Program File
s/MiKTeX 2.9/fonts/type1/public/amsfonts/cm/cmmi10.pfb><C:/Program Files/MiKTeX
 2.9/fonts/type1/public/amsfonts/cm/cmmi7.pfb><C:/Program Files/MiKTeX 2.9/font
s/type1/public/amsfonts/cm/cmmi8.pfb><C:/Program Files/MiKTeX 2.9/fonts/type1/p
ublic/amsfonts/cm/cmr10.pfb><C:/Program Files/MiKTeX 2.9/fonts/type1/public/ams
fonts/cm/cmr7.pfb><C:/Program Files/MiKTeX 2.9/fonts/type1/public/amsfonts/cm/c
msy10.pfb><C:/Program Files/MiKTeX 2.9/fonts/type1/public/amsfonts/cm/cmsy6.pfb
><C:/Program Files/MiKTeX 2.9/fonts/type1/public/amsfonts/cm/cmsy7.pfb><C:/Prog
ram Files/MiKTeX 2.9/fonts/type1/public/amsfonts/cm/cmsy8.pfb><C:/Program Files
/MiKTeX 2.9/fonts/type1/urw/times/utmb8a.pfb><C:/Program Files/MiKTeX 2.9/fonts
/type1/urw/times/utmbi8a.pfb><C:/Program Files/MiKTeX 2.9/fonts/type1/urw/times
/utmr8a.pfb><C:/Program Files/MiKTeX 2.9/fonts/type1/urw/times/utmri8a.pfb>
Output written on paper_v2.pdf (11 pages, 657628 bytes).
PDF statistics:
 524 PDF objects out of 1000 (max. 8388607)
 96 named destinations out of 1000 (max. 500000)
 400 words of extra memory for PDF output out of 10000 (max. 10000000)

