\BOOKMARK [1][-]{section.1}{Introduction}{}% 1
\BOOKMARK [1][-]{section.2}{Related Work}{}% 2
\BOOKMARK [2][-]{subsection.2.1}{Empirical Studies of Work Fragmentation}{section.2}% 3
\BOOKMARK [2][-]{subsection.2.2}{Empirical Studies on Mylyn Data}{section.2}% 4
\BOOKMARK [2][-]{subsection.2.3}{Empirical Studies with Usage Data Collector}{section.2}% 5
\BOOKMARK [1][-]{section.3}{Mylyn Data Description}{}% 6
\BOOKMARK [2][-]{subsection.3.1}{Mylyn Data}{section.3}% 7
\BOOKMARK [2][-]{subsection.3.2}{Interaction History Format}{section.3}% 8
\BOOKMARK [2][-]{subsection.3.3}{Special Characteristics of Mylyn Data}{section.3}% 9
\BOOKMARK [2][-]{subsection.3.4}{Selection}{section.3}% 10
\BOOKMARK [2][-]{subsection.3.5}{Preprocessing}{section.3}% 11
\BOOKMARK [2][-]{subsection.3.6}{Transformation}{section.3}% 12
\BOOKMARK [2][-]{subsection.3.7}{Metrics Used in This Study}{section.3}% 13
\BOOKMARK [1][-]{section.4}{Eclipse Usage Data Collector Data Description}{}% 14
\BOOKMARK [2][-]{subsection.4.1}{The Eclipse UDC}{section.4}% 15
\BOOKMARK [2][-]{subsection.4.2}{Selection}{section.4}% 16
\BOOKMARK [2][-]{subsection.4.3}{Preprocessing}{section.4}% 17
\BOOKMARK [2][-]{subsection.4.4}{Classification of events}{section.4}% 18
\BOOKMARK [2][-]{subsection.4.5}{Transformation}{section.4}% 19
\BOOKMARK [1][-]{section.5}{RQ1: Relationship between Interruptions and Productivity}{}% 20
\BOOKMARK [2][-]{subsection.5.1}{Relation between Interruptions, and Edits and Selections}{section.5}% 21
\BOOKMARK [2][-]{subsection.5.2}{Effect on the Edit Ratio}{section.5}% 22
\BOOKMARK [1][-]{section.6}{RQ2: Relationship between Duration of Interruptions and Productivity}{}% 23
\BOOKMARK [1][-]{section.7}{RQ3: Local Relationships between Interruptions and Productivity}{}% 24
\BOOKMARK [2][-]{subsection.7.1}{Generic Sessions}{section.7}% 25
\BOOKMARK [2][-]{subsection.7.2}{Local Analysis}{section.7}% 26
\BOOKMARK [2][-]{subsection.7.3}{Patterns of Interruptions}{section.7}% 27
\BOOKMARK [1][-]{section.8}{RQ4: Recovery Time after an Interruption}{}% 28
\BOOKMARK [2][-]{subsection.8.1}{Edition and selections during recovery time}{section.8}% 29
\BOOKMARK [1][-]{section.9}{RQ5: Common events during Recovery Time}{}% 30
\BOOKMARK [1][-]{section.10}{Discussion}{}% 31
\BOOKMARK [1][-]{section.11}{Threats to Validity}{}% 32
\BOOKMARK [1][-]{section.12}{Conclusions and Future Work}{}% 33
